# JRE version: OpenJDK Runtime Environment (8.0_242-b01) (build 1.8.0_242-release-1644-b01)
# Java VM: OpenJDK 64-Bit Server VM (25.242-b01 mixed mode windows-amd64 compressed oops)
Heap:
 PSYoungGen      total 400384K, used 329522K [0x00000000d5580000, 0x00000000eee00000, 0x0000000100000000)
  eden space 389632K, 82% used [0x00000000d5580000,0x00000000e901cca8,0x00000000ed200000)
  from space 10752K, 68% used [0x00000000ee380000,0x00000000eeaafec0,0x00000000eee00000)
  to   space 14336K, 0% used [0x00000000ed200000,0x00000000ed200000,0x00000000ee000000)
 ParOldGen       total 182272K, used 141950K [0x0000000080000000, 0x000000008b200000, 0x00000000d5580000)
  object space 182272K, 77% used [0x0000000080000000,0x0000000088a9f9e8,0x000000008b200000)
 Metaspace       used 109799K, capacity 114776K, committed 115480K, reserved 1148928K
  class space    used 14070K, capacity 14993K, committed 15128K, reserved 1048576K
GC Heap History (10 events):
Event: 466.871 GC heap before
{Heap before GC invocations=59 (full 5):
 PSYoungGen      total 358400K, used 347012K [0x00000000d5580000, 0x00000000ef200000, 0x0000000100000000)
  eden space 342528K, 100% used [0x00000000d5580000,0x00000000ea400000,0x00000000ea400000)
  from space 15872K, 28% used [0x00000000ea400000,0x00000000ea861160,0x00000000eb380000)
  to   space 14848K, 0% used [0x00000000ee380000,0x00000000ee380000,0x00000000ef200000)
 ParOldGen       total 182272K, used 119245K [0x0000000080000000, 0x000000008b200000, 0x00000000d5580000)
  object space 182272K, 65% used [0x0000000080000000,0x0000000087473428,0x000000008b200000)
 Metaspace       used 108989K, capacity 113848K, committed 114712K, reserved 1148928K
  class space    used 13981K, capacity 14911K, committed 15128K, reserved 1048576K
Event: 466.917 GC heap after
Heap after GC invocations=59 (full 5):
 PSYoungGen      total 400384K, used 7162K [0x00000000d5580000, 0x00000000eee00000, 0x0000000100000000)
  eden space 389632K, 0% used [0x00000000d5580000,0x00000000d5580000,0x00000000ed200000)
  from space 10752K, 66% used [0x00000000ee380000,0x00000000eea7e918,0x00000000eee00000)
  to   space 14336K, 0% used [0x00000000ed200000,0x00000000ed200000,0x00000000ee000000)
 ParOldGen       total 182272K, used 120835K [0x0000000080000000, 0x000000008b200000, 0x00000000d5580000)
  object space 182272K, 66% used [0x0000000080000000,0x0000000087600e10,0x000000008b200000)
 Metaspace       used 108989K, capacity 113848K, committed 114712K, reserved 1148928K
  class space    used 13981K, capacity 14911K, committed 15128K, reserved 1048576K
}
Event: 468.636 GC heap before
{Heap before GC invocations=60 (full 5):
 PSYoungGen      total 400384K, used 396794K [0x00000000d5580000, 0x00000000eee00000, 0x0000000100000000)
  eden space 389632K, 100% used [0x00000000d5580000,0x00000000ed200000,0x00000000ed200000)
  from space 10752K, 66% used [0x00000000ee380000,0x00000000eea7e918,0x00000000eee00000)
  to   space 14336K, 0% used [0x00000000ed200000,0x00000000ed200000,0x00000000ee000000)
 ParOldGen       total 182272K, used 120835K [0x0000000080000000, 0x000000008b200000, 0x00000000d5580000)
  object space 182272K, 66% used [0x0000000080000000,0x0000000087600e10,0x000000008b200000)
 Metaspace       used 109013K, capacity 113848K, committed 114712K, reserved 1148928K
  class space    used 13982K, capacity 14911K, committed 15128K, reserved 1048576K
Event: 469.020 GC heap after
Heap after GC invocations=60 (full 5):
 PSYoungGen      total 403968K, used 11683K [0x00000000d5580000, 0x00000000eee00000, 0x0000000100000000)
  eden space 389632K, 0% used [0x00000000d5580000,0x00000000d5580000,0x00000000ed200000)
  from space 14336K, 81% used [0x00000000ed200000,0x00000000edd68f30,0x00000000ee000000)
  to   space 10752K, 0% used [0x00000000ee380000,0x00000000ee380000,0x00000000eee00000)
 ParOldGen       total 182272K, used 125914K [0x0000000080000000, 0x000000008b200000, 0x00000000d5580000)
  object space 182272K, 69% used [0x0000000080000000,0x0000000087af6b58,0x000000008b200000)
 Metaspace       used 109013K, capacity 113848K, committed 114712K, reserved 1148928K
  class space    used 13982K, capacity 14911K, committed 15128K, reserved 1048576K
}
Event: 471.371 GC heap before
{Heap before GC invocations=61 (full 5):
 PSYoungGen      total 403968K, used 401315K [0x00000000d5580000, 0x00000000eee00000, 0x0000000100000000)
  eden space 389632K, 100% used [0x00000000d5580000,0x00000000ed200000,0x00000000ed200000)
  from space 14336K, 81% used [0x00000000ed200000,0x00000000edd68f30,0x00000000ee000000)
  to   space 10752K, 0% used [0x00000000ee380000,0x00000000ee380000,0x00000000eee00000)
 ParOldGen       total 182272K, used 125914K [0x0000000080000000, 0x000000008b200000, 0x00000000d5580000)
  object space 182272K, 69% used [0x0000000080000000,0x0000000087af6b58,0x000000008b200000)
 Metaspace       used 109041K, capacity 113852K, committed 114712K, reserved 1148928K
  class space    used 13982K, capacity 14911K, committed 15128K, reserved 1048576K
Event: 471.755 GC heap after
Heap after GC invocations=61 (full 5):
 PSYoungGen      total 400384K, used 3797K [0x00000000d5580000, 0x00000000eee00000, 0x0000000100000000)
  eden space 389632K, 0% used [0x00000000d5580000,0x00000000d5580000,0x00000000ed200000)
  from space 10752K, 35% used [0x00000000ee380000,0x00000000ee7357e0,0x00000000eee00000)
  to   space 14336K, 0% used [0x00000000ed200000,0x00000000ed200000,0x00000000ee000000)
 ParOldGen       total 182272K, used 135235K [0x0000000080000000, 0x000000008b200000, 0x00000000d5580000)
  object space 182272K, 74% used [0x0000000080000000,0x0000000088410db0,0x000000008b200000)
 Metaspace       used 109041K, capacity 113852K, committed 114712K, reserved 1148928K
  class space    used 13982K, capacity 14911K, committed 15128K, reserved 1048576K
}
Event: 474.691 GC heap before
{Heap before GC invocations=62 (full 5):
 PSYoungGen      total 400384K, used 393429K [0x00000000d5580000, 0x00000000eee00000, 0x0000000100000000)
  eden space 389632K, 100% used [0x00000000d5580000,0x00000000ed200000,0x00000000ed200000)
  from space 10752K, 35% used [0x00000000ee380000,0x00000000ee7357e0,0x00000000eee00000)
  to   space 14336K, 0% used [0x00000000ed200000,0x00000000ed200000,0x00000000ee000000)
 ParOldGen       total 182272K, used 135235K [0x0000000080000000, 0x000000008b200000, 0x00000000d5580000)
  object space 182272K, 74% used [0x0000000080000000,0x0000000088410db0,0x000000008b200000)
 Metaspace       used 109172K, capacity 114016K, committed 114968K, reserved 1148928K
  class space    used 13994K, capacity 14915K, committed 15128K, reserved 1048576K
Event: 475.487 GC heap after
Heap after GC invocations=62 (full 5):
 PSYoungGen      total 403968K, used 6127K [0x00000000d5580000, 0x00000000eee00000, 0x0000000100000000)
  eden space 389632K, 0% used [0x00000000d5580000,0x00000000d5580000,0x00000000ed200000)
  from space 14336K, 42% used [0x00000000ed200000,0x00000000ed7fbdf8,0x00000000ee000000)
  to   space 10752K, 0% used [0x00000000ee380000,0x00000000ee380000,0x00000000eee00000)
 ParOldGen       total 182272K, used 137496K [0x0000000080000000, 0x000000008b200000, 0x00000000d5580000)
  object space 182272K, 75% used [0x0000000080000000,0x0000000088646008,0x000000008b200000)
 Metaspace       used 109172K, capacity 114016K, committed 114968K, reserved 1148928K
  class space    used 13994K, capacity 14915K, committed 15128K, reserved 1048576K
}
Event: 477.045 GC heap before
{Heap before GC invocations=63 (full 5):
 PSYoungGen      total 403968K, used 395759K [0x00000000d5580000, 0x00000000eee00000, 0x0000000100000000)
  eden space 389632K, 100% used [0x00000000d5580000,0x00000000ed200000,0x00000000ed200000)
  from space 14336K, 42% used [0x00000000ed200000,0x00000000ed7fbdf8,0x00000000ee000000)
  to   space 10752K, 0% used [0x00000000ee380000,0x00000000ee380000,0x00000000eee00000)
 ParOldGen       total 182272K, used 137496K [0x0000000080000000, 0x000000008b200000, 0x00000000d5580000)
  object space 182272K, 75% used [0x0000000080000000,0x0000000088646008,0x000000008b200000)
 Metaspace       used 109190K, capacity 114028K, committed 114968K, reserved 1148928K
  class space    used 14000K, capacity 14921K, committed 15128K, reserved 1048576K
Event: 477.077 GC heap after
Heap after GC invocations=63 (full 5):
 PSYoungGen      total 400384K, used 7359K [0x00000000d5580000, 0x00000000eee00000, 0x0000000100000000)
  eden space 389632K, 0% used [0x00000000d5580000,0x00000000d5580000,0x00000000ed200000)
  from space 10752K, 68% used [0x00000000ee380000,0x00000000eeaafec0,0x00000000eee00000)
  to   space 14336K, 0% used [0x00000000ed200000,0x00000000ed200000,0x00000000ee000000)
 ParOldGen       total 182272K, used 141950K [0x0000000080000000, 0x000000008b200000, 0x00000000d5580000)
  object space 182272K, 77% used [0x0000000080000000,0x0000000088a9f9e8,0x000000008b200000)
 Metaspace       used 109190K, capacity 114028K, committed 114968K, reserved 1148928K
  class space    used 14000K, capacity 14921K, committed 15128K, reserved 1048576K
}

